<?xml version="1.0" encoding="UTF-8"?>
<testng-results skipped="0" failed="0" ignored="0" total="1" passed="1">
  <reporter-output>
  </reporter-output>
  <suite name="Default suite" duration-ms="63925" started-at="2021-05-12T16:13:05Z" finished-at="2021-05-12T16:14:09Z">
    <groups>
    </groups>
    <test name="Default test" duration-ms="63925" started-at="2021-05-12T16:13:05Z" finished-at="2021-05-12T16:14:09Z">
      <class name="com.maven.SwiggyAutomation.ExecutionClass">
        <test-method status="PASS" signature="beforeClass()[pri:0, instance:com.maven.SwiggyAutomation.ExecutionClass@6840781b]" name="beforeClass" is-config="true" duration-ms="6581" started-at="2021-05-12T16:13:05Z" finished-at="2021-05-12T16:13:12Z">
          <reporter-output>
          </reporter-output>
        </test-method> <!-- beforeClass -->
        <test-method status="PASS" signature="beforeMethod(java.lang.reflect.Method)[pri:0, instance:com.maven.SwiggyAutomation.ExecutionClass@6840781b]" name="beforeMethod" is-config="true" duration-ms="2993" started-at="2021-05-12T16:13:12Z" finished-at="2021-05-12T16:13:15Z">
          <params>
            <param index="0">
              <value>
                <![CDATA[public void com.maven.SwiggyAutomation.ExecutionClass.verify_VerifyHomePageOfSwiggy(java.lang.reflect.Method) throws java.lang.Exception]]>
              </value>
            </param>
          </params>
          <reporter-output>
          </reporter-output>
        </test-method> <!-- beforeMethod -->
        <test-method status="PASS" signature="verify_VerifyHomePageOfSwiggy(java.lang.reflect.Method)[pri:1, instance:com.maven.SwiggyAutomation.ExecutionClass@6840781b]" name="verify_VerifyHomePageOfSwiggy" duration-ms="54043" started-at="2021-05-12T16:13:15Z" finished-at="2021-05-12T16:14:09Z">
          <params>
            <param index="0">
              <value>
                <![CDATA[public void com.maven.SwiggyAutomation.ExecutionClass.verify_VerifyHomePageOfSwiggy(java.lang.reflect.Method) throws java.lang.Exception]]>
              </value>
            </param>
          </params>
          <reporter-output>
          </reporter-output>
        </test-method> <!-- verify_VerifyHomePageOfSwiggy -->
        <test-method status="PASS" signature="afterSuite()[pri:0, instance:com.maven.SwiggyAutomation.ExecutionClass@6840781b]" name="afterSuite" is-config="true" duration-ms="282" started-at="2021-05-12T16:14:09Z" finished-at="2021-05-12T16:14:09Z">
          <reporter-output>
          </reporter-output>
        </test-method> <!-- afterSuite -->
      </class> <!-- com.maven.SwiggyAutomation.ExecutionClass -->
    </test> <!-- Default test -->
  </suite> <!-- Default suite -->
</testng-results>
